Removed Pin From Net: NetName=EA1 Pin=U3-5
Removed Pin From Net: NetName=EA2 Pin=U3-6
Removed Pin From Net: NetName=S1 Pin=U3-7
Removed Pin From Net: NetName=S2 Pin=U3-8
Removed Pin From Net: NetName=S3 Pin=U3-9
Removed Pin From Net: NetName=S4 Pin=U3-10
Removed Pin From Net: NetName=S5 Pin=U3-11
Removed Pin From Net: NetName=S6 Pin=U3-12
Removed Pin From Net: NetName=S7 Pin=U3-13
Removed Pin From Net: NetName=PWMB Pin=U3-24
Removed Pin From Net: NetName=PWMA Pin=U3-25
Removed Pin From Net: NetName=EB1 Pin=U3-26
Removed Pin From Net: NetName=EB2 Pin=U3-29
Change Component Designator: OldDesignator=33 NewDesignator=H1
Change Component Description : Designator=S1 Old Description=Switch, Mini Rocker, 2P SPST OFF-ON, Red w/ Print, VDC New Description=Switch, Mini Rocker, 2P SPST OFF-ON, Red w/ Print, VDC | Switch Components RF1-1A-DC-2-R-1
Change Component Description : Designator=S2 Old Description=Switch, Mini Rocker, 2P SPST OFF-ON, Red w/ Print, VDC New Description=Switch, Mini Rocker, 2P SPST OFF-ON, Red w/ Print, VDC | Switch Components RF1-1A-DC-2-R-1
Added Pin To Net: NetName=S1 Pin=U3-3
Added Pin To Net: NetName=S2 Pin=U3-4
Added Pin To Net: NetName=S3 Pin=U3-5
Added Pin To Net: NetName=S4 Pin=U3-6
Added Pin To Net: NetName=S5 Pin=U3-7
Added Pin To Net: NetName=S6 Pin=U3-8
Added Pin To Net: NetName=S7 Pin=U3-9
Added Pin To Net: NetName=EA1 Pin=U3-10
Added Pin To Net: NetName=EA2 Pin=U3-11
Added Pin To Net: NetName=EB1 Pin=U3-12
Added Pin To Net: NetName=EB2 Pin=U3-15
Added Pin To Net: NetName=PWMB Pin=U3-26
Added Pin To Net: NetName=PWMA Pin=U3-29
