Removed Pin From Net: NetName=+5 Pin=R3-2
Change Component Footprint: Designator=R2 Old Footprint=tro smd 0805 New Footprint=tro smd 1206
Change Component Footprint: Designator=R4 Old Footprint=tro smd 0805 New Footprint=tro smd 2010
Change Component Footprint: Designator=R3 Old Footprint=tro smd 0805 New Footprint=tro smd 2512
Change Component Comment : Designator=R4 Old Comment=5.1k New Comment=10R
Change Component Comment : Designator=R3 Old Comment=220R New Comment=1k
Change component parameters: Designator = "R2" ("R2"); Footprint = "tro smd 0805"; UniqueID = "\WIGUZSED" ("\WIGUZSED")
Change component parameters (AddParameter): Name = "Chung_Loai"; Value = "Dán"; VariantName = "[No Variations]"
Change component parameters (AddParameter): Name = "Don_Vi"; Value = "Con"; VariantName = "[No Variations]"
Change component parameters (AddParameter): Name = "Kieu_Chan"; Value = ""; VariantName = "[No Variations]"
Change component parameters (AddParameter): Name = "Ma_Hang"; Value = "MH008811"; VariantName = "[No Variations]"
Change component parameters (AddParameter): Name = "So_Chan"; Value = "2"; VariantName = "[No Variations]"
Change component parameters (AddParameter): Name = "Ten_Linh_Kien"; Value = "Tr? 1206 1% 5.1k"; VariantName = "[No Variations]"
Change component parameters: Designator = "R3" ("R3"); Footprint = "tro smd 0805"; UniqueID = "\FLULFKXJ" ("\FLULFKXJ")
Change component parameters (AddParameter): Name = "Chung_Loai"; Value = "Dán"; VariantName = "[No Variations]"
Change component parameters (AddParameter): Name = "Don_Vi"; Value = "Con"; VariantName = "[No Variations]"
Change component parameters (AddParameter): Name = "Kieu_Chan"; Value = ""; VariantName = "[No Variations]"
Change component parameters (AddParameter): Name = "Ma_Hang"; Value = "MH001943"; VariantName = "[No Variations]"
Change component parameters (AddParameter): Name = "So_Chan"; Value = "2"; VariantName = "[No Variations]"
Change component parameters (AddParameter): Name = "Ten_Linh_Kien"; Value = "Tr? 2512 5% 102-1k 1W"; VariantName = "[No Variations]"
Change component parameters: Designator = "R4" ("R4"); Footprint = "tro smd 0805"; UniqueID = "\BUUEAPVF" ("\BUUEAPVF")
Change component parameters (AddParameter): Name = "Chung_Loai"; Value = "Dán"; VariantName = "[No Variations]"
Change component parameters (AddParameter): Name = "Don_Vi"; Value = "Con"; VariantName = "[No Variations]"
Change component parameters (AddParameter): Name = "Kieu_Chan"; Value = ""; VariantName = "[No Variations]"
Change component parameters (AddParameter): Name = "Ma_Hang"; Value = "MH003438"; VariantName = "[No Variations]"
Change component parameters (AddParameter): Name = "So_Chan"; Value = "2"; VariantName = "[No Variations]"
Change component parameters (AddParameter): Name = "Ten_Linh_Kien"; Value = "Tr? 2010 5% 100-10R"; VariantName = "[No Variations]"
Added Pin To Net: NetName=+5 Pin=R3-1
Added Pin To Net: NetName=NetR3_2 Pin=R3-2
Added Pin To Net: NetName=NetR3_2 Pin=U2-A
Added Net: Name=NetR3_2
